2024-08-01T20:04:27.777402+00:00 ERROR 'ansible_navigator.actions.collections._parse' /usr/share/ansible/collections/ansible_collections/theforeman/foreman/roles/organizations/meta/argument_specs.yml Failed to find argument_specs.yml for role in theforeman.foreman.
2024-08-01T20:04:27.777631+00:00 ERROR 'ansible_navigator.actions.collections._parse' /usr/share/ansible/collections/ansible_collections/theforeman/foreman/roles/organizations/meta/main.yml Failed to find main.yml for role in theforeman.foreman.
2024-08-01T20:04:27.777657+00:00 ERROR 'ansible_navigator.actions.collections._parse' /usr/share/ansible/collections/ansible_collections/theforeman/foreman/roles/compute_resources/meta/argument_specs.yml Failed to find argument_specs.yml for role in theforeman.foreman.
2024-08-01T20:04:27.777670+00:00 ERROR 'ansible_navigator.actions.collections._parse' /usr/share/ansible/collections/ansible_collections/theforeman/foreman/roles/compute_resources/meta/main.yml Failed to find main.yml for role in theforeman.foreman.
2024-08-01T20:04:27.777680+00:00 ERROR 'ansible_navigator.actions.collections._parse' /usr/share/ansible/collections/ansible_collections/theforeman/foreman/roles/content_view_version_cleanup/meta/argument_specs.yml Failed to find argument_specs.yml for role in theforeman.foreman.
2024-08-01T20:04:27.777691+00:00 ERROR 'ansible_navigator.actions.collections._parse' /usr/share/ansible/collections/ansible_collections/theforeman/foreman/roles/content_view_version_cleanup/meta/main.yml Failed to find main.yml for role in theforeman.foreman.
2024-08-01T20:04:27.777699+00:00 ERROR 'ansible_navigator.actions.collections._parse' /usr/share/ansible/collections/ansible_collections/theforeman/foreman/roles/auth_sources_ldap/meta/argument_specs.yml Failed to find argument_specs.yml for role in theforeman.foreman.
2024-08-01T20:04:27.777707+00:00 ERROR 'ansible_navigator.actions.collections._parse' /usr/share/ansible/collections/ansible_collections/theforeman/foreman/roles/auth_sources_ldap/meta/main.yml Failed to find main.yml for role in theforeman.foreman.
2024-08-01T20:04:27.777714+00:00 ERROR 'ansible_navigator.actions.collections._parse' /usr/share/ansible/collections/ansible_collections/theforeman/foreman/roles/hostgroups/meta/argument_specs.yml Failed to find argument_specs.yml for role in theforeman.foreman.
2024-08-01T20:04:27.777721+00:00 ERROR 'ansible_navigator.actions.collections._parse' /usr/share/ansible/collections/ansible_collections/theforeman/foreman/roles/hostgroups/meta/main.yml Failed to find main.yml for role in theforeman.foreman.
2024-08-01T20:04:27.777729+00:00 ERROR 'ansible_navigator.actions.collections._parse' /usr/share/ansible/collections/ansible_collections/theforeman/foreman/roles/activation_keys/meta/argument_specs.yml Failed to find argument_specs.yml for role in theforeman.foreman.
2024-08-01T20:04:27.777736+00:00 ERROR 'ansible_navigator.actions.collections._parse' /usr/share/ansible/collections/ansible_collections/theforeman/foreman/roles/activation_keys/meta/main.yml Failed to find main.yml for role in theforeman.foreman.
2024-08-01T20:04:27.777744+00:00 ERROR 'ansible_navigator.actions.collections._parse' /usr/share/ansible/collections/ansible_collections/theforeman/foreman/roles/content_views/meta/argument_specs.yml Failed to find argument_specs.yml for role in theforeman.foreman.
2024-08-01T20:04:27.777752+00:00 ERROR 'ansible_navigator.actions.collections._parse' /usr/share/ansible/collections/ansible_collections/theforeman/foreman/roles/content_views/meta/main.yml Failed to find main.yml for role in theforeman.foreman.
2024-08-01T20:04:27.777759+00:00 ERROR 'ansible_navigator.actions.collections._parse' /usr/share/ansible/collections/ansible_collections/theforeman/foreman/roles/settings/meta/argument_specs.yml Failed to find argument_specs.yml for role in theforeman.foreman.
2024-08-01T20:04:27.777768+00:00 ERROR 'ansible_navigator.actions.collections._parse' /usr/share/ansible/collections/ansible_collections/theforeman/foreman/roles/settings/meta/main.yml Failed to find main.yml for role in theforeman.foreman.
2024-08-01T20:04:27.777779+00:00 ERROR 'ansible_navigator.actions.collections._parse' /usr/share/ansible/collections/ansible_collections/theforeman/foreman/roles/content_view_publish/meta/argument_specs.yml Failed to find argument_specs.yml for role in theforeman.foreman.
2024-08-01T20:04:27.777786+00:00 ERROR 'ansible_navigator.actions.collections._parse' /usr/share/ansible/collections/ansible_collections/theforeman/foreman/roles/content_view_publish/meta/main.yml Failed to find main.yml for role in theforeman.foreman.
2024-08-01T20:04:27.777794+00:00 ERROR 'ansible_navigator.actions.collections._parse' /usr/share/ansible/collections/ansible_collections/theforeman/foreman/roles/subnets/meta/argument_specs.yml Failed to find argument_specs.yml for role in theforeman.foreman.
2024-08-01T20:04:27.777801+00:00 ERROR 'ansible_navigator.actions.collections._parse' /usr/share/ansible/collections/ansible_collections/theforeman/foreman/roles/subnets/meta/main.yml Failed to find main.yml for role in theforeman.foreman.
2024-08-01T20:04:27.777808+00:00 ERROR 'ansible_navigator.actions.collections._parse' /usr/share/ansible/collections/ansible_collections/theforeman/foreman/roles/content_credentials/meta/argument_specs.yml Failed to find argument_specs.yml for role in theforeman.foreman.
2024-08-01T20:04:27.777815+00:00 ERROR 'ansible_navigator.actions.collections._parse' /usr/share/ansible/collections/ansible_collections/theforeman/foreman/roles/content_credentials/meta/main.yml Failed to find main.yml for role in theforeman.foreman.
2024-08-01T20:04:27.777822+00:00 ERROR 'ansible_navigator.actions.collections._parse' /usr/share/ansible/collections/ansible_collections/theforeman/foreman/roles/operatingsystems/meta/argument_specs.yml Failed to find argument_specs.yml for role in theforeman.foreman.
2024-08-01T20:04:27.777829+00:00 ERROR 'ansible_navigator.actions.collections._parse' /usr/share/ansible/collections/ansible_collections/theforeman/foreman/roles/operatingsystems/meta/main.yml Failed to find main.yml for role in theforeman.foreman.
2024-08-01T20:04:27.777836+00:00 ERROR 'ansible_navigator.actions.collections._parse' /usr/share/ansible/collections/ansible_collections/theforeman/foreman/roles/locations/meta/argument_specs.yml Failed to find argument_specs.yml for role in theforeman.foreman.
2024-08-01T20:04:27.777843+00:00 ERROR 'ansible_navigator.actions.collections._parse' /usr/share/ansible/collections/ansible_collections/theforeman/foreman/roles/locations/meta/main.yml Failed to find main.yml for role in theforeman.foreman.
2024-08-01T20:04:27.777850+00:00 ERROR 'ansible_navigator.actions.collections._parse' /usr/share/ansible/collections/ansible_collections/theforeman/foreman/roles/manifest/meta/argument_specs.yml Failed to find argument_specs.yml for role in theforeman.foreman.
2024-08-01T20:04:27.777858+00:00 ERROR 'ansible_navigator.actions.collections._parse' /usr/share/ansible/collections/ansible_collections/theforeman/foreman/roles/manifest/meta/main.yml Failed to find main.yml for role in theforeman.foreman.
2024-08-01T20:04:27.777865+00:00 ERROR 'ansible_navigator.actions.collections._parse' /usr/share/ansible/collections/ansible_collections/theforeman/foreman/roles/repositories/meta/argument_specs.yml Failed to find argument_specs.yml for role in theforeman.foreman.
2024-08-01T20:04:27.777872+00:00 ERROR 'ansible_navigator.actions.collections._parse' /usr/share/ansible/collections/ansible_collections/theforeman/foreman/roles/repositories/meta/main.yml Failed to find main.yml for role in theforeman.foreman.
2024-08-01T20:04:27.777879+00:00 ERROR 'ansible_navigator.actions.collections._parse' /usr/share/ansible/collections/ansible_collections/theforeman/foreman/roles/content_rhel/meta/argument_specs.yml Failed to find argument_specs.yml for role in theforeman.foreman.
2024-08-01T20:04:27.777886+00:00 ERROR 'ansible_navigator.actions.collections._parse' /usr/share/ansible/collections/ansible_collections/theforeman/foreman/roles/content_rhel/meta/main.yml Failed to find main.yml for role in theforeman.foreman.
2024-08-01T20:04:27.777895+00:00 ERROR 'ansible_navigator.actions.collections._parse' /usr/share/ansible/collections/ansible_collections/theforeman/foreman/roles/lifecycle_environments/meta/argument_specs.yml Failed to find argument_specs.yml for role in theforeman.foreman.
2024-08-01T20:04:27.777903+00:00 ERROR 'ansible_navigator.actions.collections._parse' /usr/share/ansible/collections/ansible_collections/theforeman/foreman/roles/lifecycle_environments/meta/main.yml Failed to find main.yml for role in theforeman.foreman.
2024-08-01T20:04:27.777910+00:00 ERROR 'ansible_navigator.actions.collections._parse' /usr/share/ansible/collections/ansible_collections/theforeman/foreman/roles/compute_profiles/meta/argument_specs.yml Failed to find argument_specs.yml for role in theforeman.foreman.
2024-08-01T20:04:27.777916+00:00 ERROR 'ansible_navigator.actions.collections._parse' /usr/share/ansible/collections/ansible_collections/theforeman/foreman/roles/compute_profiles/meta/main.yml Failed to find main.yml for role in theforeman.foreman.
2024-08-01T20:04:27.777924+00:00 ERROR 'ansible_navigator.actions.collections._parse' /usr/share/ansible/collections/ansible_collections/theforeman/foreman/roles/sync_plans/meta/argument_specs.yml Failed to find argument_specs.yml for role in theforeman.foreman.
2024-08-01T20:04:27.777930+00:00 ERROR 'ansible_navigator.actions.collections._parse' /usr/share/ansible/collections/ansible_collections/theforeman/foreman/roles/sync_plans/meta/main.yml Failed to find main.yml for role in theforeman.foreman.
2024-08-01T20:04:27.777937+00:00 ERROR 'ansible_navigator.actions.collections._parse' /usr/share/ansible/collections/ansible_collections/theforeman/foreman/roles/provisioning_templates/meta/argument_specs.yml Failed to find argument_specs.yml for role in theforeman.foreman.
2024-08-01T20:04:27.777944+00:00 ERROR 'ansible_navigator.actions.collections._parse' /usr/share/ansible/collections/ansible_collections/theforeman/foreman/roles/provisioning_templates/meta/main.yml Failed to find main.yml for role in theforeman.foreman.
2024-08-01T20:04:27.777951+00:00 ERROR 'ansible_navigator.actions.collections._parse' /usr/share/ansible/collections/ansible_collections/theforeman/foreman/roles/convert2rhel/meta/argument_specs.yml Failed to find argument_specs.yml for role in theforeman.foreman.
2024-08-01T20:04:27.777958+00:00 ERROR 'ansible_navigator.actions.collections._parse' /usr/share/ansible/collections/ansible_collections/theforeman/foreman/roles/convert2rhel/meta/main.yml Failed to find main.yml for role in theforeman.foreman.
2024-08-01T20:04:27.777966+00:00 ERROR 'ansible_navigator.actions.collections._parse' /usr/share/ansible/collections/ansible_collections/theforeman/foreman/roles/domains/meta/argument_specs.yml Failed to find argument_specs.yml for role in theforeman.foreman.
2024-08-01T20:04:27.777973+00:00 ERROR 'ansible_navigator.actions.collections._parse' /usr/share/ansible/collections/ansible_collections/theforeman/foreman/roles/domains/meta/main.yml Failed to find main.yml for role in theforeman.foreman.
2024-08-01T20:04:27.777980+00:00 ERROR 'ansible_navigator.actions.collections._parse' /usr/share/ansible/collections/ansible_collections/redhatinsights/insights/roles/insights_client/meta/argument_specs.yml Failed to find argument_specs.yml for role in redhatinsights.insights.
2024-08-01T20:04:27.777987+00:00 ERROR 'ansible_navigator.actions.collections._parse' /usr/share/ansible/collections/ansible_collections/redhatinsights/insights/roles/compliance/meta/argument_specs.yml Failed to find argument_specs.yml for role in redhatinsights.insights.
